2025-02-08 21:59:59.709 [info] Reading sessions from keychain...
2025-02-08 21:59:59.709 [info] Getting sessions for all scopes...
2025-02-08 21:59:59.709 [info] Getting sessions for all scopes...
2025-02-08 21:59:59.709 [info] Got 0 sessions for ...
2025-02-08 21:59:59.709 [info] Got 0 sessions for ...
2025-02-08 21:59:59.709 [info] Getting sessions for all scopes...
2025-02-08 21:59:59.709 [info] Got 0 sessions for ...
2025-02-08 21:59:59.709 [info] Getting sessions for all scopes...
2025-02-08 21:59:59.709 [info] Got 0 sessions for ...
2025-02-08 21:59:59.709 [info] Getting sessions for all scopes...
2025-02-08 21:59:59.709 [info] Got 0 sessions for ...
2025-02-08 21:59:59.709 [info] Getting sessions for all scopes...
2025-02-08 21:59:59.709 [info] Got 0 sessions for ...
2025-02-08 21:59:59.709 [info] Getting sessions for all scopes...
2025-02-08 21:59:59.709 [info] Got 0 sessions for ...
2025-02-08 22:00:00.740 [info] Getting sessions for all scopes...
2025-02-08 22:00:00.740 [info] Got 0 sessions for ...
2025-02-08 22:00:09.154 [info] Getting sessions for read:user,repo,user:email,workflow...
2025-02-08 22:00:09.154 [info] Got 0 sessions for read:user,repo,user:email,workflow...
2025-02-08 22:12:48.742 [info] Getting sessions for repo,workflow...
2025-02-08 22:12:48.742 [info] Got 0 sessions for repo,workflow...
2025-02-08 22:12:48.791 [info] Getting sessions for repo,workflow...
2025-02-08 22:12:48.791 [info] Got 0 sessions for repo,workflow...
2025-02-08 22:12:48.810 [info] Getting sessions for repo,workflow...
2025-02-08 22:12:48.810 [info] Got 0 sessions for repo,workflow...
2025-02-08 22:12:48.813 [info] Getting sessions for repo,workflow...
2025-02-08 22:12:48.813 [info] Got 0 sessions for repo,workflow...
2025-02-08 22:13:03.783 [info] Getting sessions for read:user,repo,user:email,workflow...
2025-02-08 22:13:03.783 [info] Got 0 sessions for read:user,repo,user:email,workflow...
