2025-02-08 13:52:37.277 [info] Reading sessions from keychain...
2025-02-08 13:52:37.277 [info] Getting sessions for all scopes...
2025-02-08 13:52:37.277 [info] Getting sessions for all scopes...
2025-02-08 13:52:37.364 [info] Getting sessions for all scopes...
2025-02-08 13:52:37.364 [info] Getting sessions for all scopes...
2025-02-08 13:52:37.364 [info] Getting sessions for all scopes...
2025-02-08 13:52:37.364 [info] Getting sessions for all scopes...
2025-02-08 13:52:37.364 [info] Getting sessions for all scopes...
2025-02-08 13:52:37.370 [info] Got 0 sessions for ...
2025-02-08 13:52:37.370 [info] Got 0 sessions for ...
2025-02-08 13:52:37.370 [info] Got 0 sessions for ...
2025-02-08 13:52:37.370 [info] Got 0 sessions for ...
2025-02-08 13:52:37.370 [info] Got 0 sessions for ...
2025-02-08 13:52:37.370 [info] Got 0 sessions for ...
2025-02-08 13:52:37.370 [info] Got 0 sessions for ...
2025-02-08 13:52:37.830 [info] Getting sessions for all scopes...
2025-02-08 13:52:37.830 [info] Got 0 sessions for ...
2025-02-08 21:39:24.490 [info] Getting sessions for read:user,repo,user:email,workflow...
2025-02-08 21:39:24.490 [info] Got 0 sessions for read:user,repo,user:email,workflow...
2025-02-08 21:39:32.134 [info] Logging in with 'any' account...
2025-02-08 21:39:32.134 [info] Logging in for the following scopes: read:user repo user:email workflow
2025-02-08 21:39:32.207 [info] Trying without local server... (read:user repo user:email workflow)
